<?xml version="1.0" encoding="UTF-8"?>
<!-- Generated by org.testng.reporters.JUnitXMLReporter -->
<testsuite hostname="DESKTOP-3KMQB6L" ignored="2" name="CarLoan" tests="3" failures="0" timestamp="21 Aug 2020 10:52:31 GMT" time="0.022" errors="0">
  <testcase name="MobileLoginHomeLoan" time="0.002" classname="test.day4"/>
  <testcase name="WebLoginHomeLoan" time="0.007" classname="test.day4"/>
  <testcase name="MobileSigninHomeLoan" time="0.007" classname="test.day4"/>
  <testcase name="LoginApiHomeLoan" time="0.0" classname="test.day4">
    <ignored/>
  </testcase> <!-- LoginApiHomeLoan -->
  <testcase name="MobileSignupHomeLoan" time="0.0" classname="test.day4">
    <ignored/>
  </testcase> <!-- MobileSignupHomeLoan -->
</testsuite> <!-- CarLoan -->
