<?xml version="1.0" encoding="UTF-8"?>
<!-- Generated by org.testng.reporters.JUnitXMLReporter -->
<testsuite hostname="DESKTOP-3KMQB6L" ignored="0" name="HomeLoan" tests="3" failures="0" timestamp="03 Oct 2018 09:17:21 GMT" time="0.014" errors="0">
  <testcase name="LoginApiHomeLoan" time="0.002" classname="test.day4"/>
  <testcase name="MobileLoginHomeLoan" time="0.002" classname="test.day4"/>
  <testcase name="WebLoginHomeLoan" time="0.0" classname="test.day4"/>
</testsuite> <!-- HomeLoan -->
