<?xml version="1.0" encoding="UTF-8"?>
<!-- Generated by org.testng.reporters.JUnitXMLReporter -->
<testsuite hostname="DESKTOP-3KMQB6L" ignored="9" name="Regression" tests="3" failures="1" timestamp="01 Nov 2019 10:32:06 GMT" time="0.072" errors="0">
  <testcase name="Ploan" time="0.0" classname="test.day2">
    <failure type="org.testng.TestNGException" message="
Parameter &amp;apos;URL&amp;apos; is required by @Test on method Ploan but has not been marked @Optional or defined
in C:\Users\kishore\eclipse-workspace\testngtutorial\testng3.xml">
      <![CDATA[org.testng.TestNGException: 
Parameter 'URL' is required by @Test on method Ploan but has not been marked @Optional or defined
in C:\Users\kishore\eclipse-workspace\testngtutorial\testng3.xml
... Removed 24 stack frames]]>
    </failure>
  </testcase> <!-- Ploan -->
  <testcase name="WebLoginCarLoan" time="0.013" classname="test.day3"/>
  <testcase name="MobileLoginHomeLoan" time="0.002" classname="test.day4"/>
  <testcase name="WebLoginHomeLoan" time="0.0" classname="test.day4">
    <ignored/>
  </testcase> <!-- WebLoginHomeLoan -->
  <testcase name="MobileSigninHomeLoan" time="0.0" classname="test.day4">
    <ignored/>
  </testcase> <!-- MobileSigninHomeLoan -->
  <testcase name="SecondTest" time="0.0" classname="test.day1">
    <ignored/>
  </testcase> <!-- SecondTest -->
  <testcase name="LoginApiCarLoan" time="0.0" classname="test.day3">
    <ignored/>
  </testcase> <!-- LoginApiCarLoan -->
  <testcase name="Login" time="0.0" classname="test.day3">
    <ignored/>
  </testcase> <!-- Login -->
  <testcase name="MobileLoginCarLoan" time="0.0" classname="test.day3">
    <ignored/>
  </testcase> <!-- MobileLoginCarLoan -->
  <testcase name="LoginApiHomeLoan" time="0.0" classname="test.day4">
    <ignored/>
  </testcase> <!-- LoginApiHomeLoan -->
  <testcase name="Demo" time="0.0" classname="test.day1">
    <ignored/>
  </testcase> <!-- Demo -->
  <testcase name="MobileSignupHomeLoan" time="0.0" classname="test.day4">
    <ignored/>
  </testcase> <!-- MobileSignupHomeLoan -->
</testsuite> <!-- Regression -->
