<?xml version="1.0" encoding="UTF-8"?>
<!-- Generated by org.testng.reporters.JUnitXMLReporter -->
<testsuite hostname="DESKTOP-3KMQB6L" ignored="1" name="Test" tests="5" failures="0" timestamp="05 Oct 2018 06:11:00 GMT" time="0.053" errors="0">
  <testcase name="Demo" time="0.007" classname="test.day1"/>
  <testcase name="Ploan" time="0.002" classname="test.day2"/>
  <testcase name="LoginApiCarLoan" time="0.002" classname="test.day3"/>
  <testcase name="MobileLoginCarLoan" time="0.001" classname="test.day3"/>
  <testcase name="WebLoginCarLoan" time="0.001" classname="test.day3"/>
  <testcase name="SecondTest" time="0.0" classname="test.day1">
    <ignored/>
  </testcase> <!-- SecondTest -->
</testsuite> <!-- Test -->
